[0.000][INFO]:      ChromeDriver 21.0.1180.4 /usr/bin/chromedriver
[0.245][FINE]:      Initializing session with capabilities {
   "browserName": "chrome",
   "chrome.detach": true,
   "chromeOptions": {
      "detach": true
   },
   "cssSelectorsEnabled": true,
   "javascriptEnabled": true,
   "nativeEvents": false,
   "platform": "ANY",
   "rotatable": false,
   "takesScreenshot": false,
   "version": ""
}

[0.246][INFO]:      Using named testing interface
[0.674][INFO]:      Connected to Chrome successfully. Version: 20.0.1132.47
[0.678][FINE]:      Command received (/session/9601526441bbdeeb25a7495293535e12)
[0.678][FINE]:      Command finished (/session/9601526441bbdeeb25a7495293535e12) with response {
   "sessionId": "9601526441bbdeeb25a7495293535e12",
   "status": 0,
   "value": {
      "acceptSslCerts": false,
      "applicationCacheEnabled": false,
      "browserConnectionEnabled": false,
      "browserName": "chrome",
      "chrome.chromedriverVersion": "21.0.1180.4",
      "chrome.nativeEvents": false,
      "cssSelectorsEnabled": true,
      "databaseEnabled": false,
      "handlesAlerts": true,
      "javascriptEnabled": true,
      "locationContextEnabled": false,
      "nativeEvents": true,
      "platform": "linux",
      "rotatable": false,
      "takesScreenshot": true,
      "version": "20.0.1132.47",
      "webStorageEnabled": true
   }
}

[7.342][FINE]:      Command received (/session/9601526441bbdeeb25a7495293535e12/execute) with params {
   "args": [  ],
   "script": "window.alert('text');"
}

[7.342][FINER]:     Waiting for all views to stop loading...
[7.343][FINER]:     Done waiting for all views to stop loading
[7.359][FINER]:     Waiting for all views to stop loading...
[7.359][FINER]:     Done waiting for all views to stop loading
[7.359][WARNING]:   Command finished (/session/9601526441bbdeeb25a7495293535e12/execute) with response {
   "sessionId": "9601526441bbdeeb25a7495293535e12",
   "status": 26,
   "value": {
      "message": "Script execution failed. Script: window.alert('text');;\n An open modal dialog blocked the operation"
   }
}

[141.983][FINE]:    Command received (/session/9601526441bbdeeb25a7495293535e12/execute) with params {
   "args": [  ],
   "script": "window.alert('text');"
}

[141.983][FINER]:   Waiting for all views to stop loading...
[141.984][FINER]:   Done waiting for all views to stop loading
[141.985][FINER]:   Waiting for all views to stop loading...
[141.985][FINER]:   Done waiting for all views to stop loading
[141.985][WARNING]: Command finished (/session/9601526441bbdeeb25a7495293535e12/execute) with response {
   "sessionId": "9601526441bbdeeb25a7495293535e12",
   "status": 26,
   "value": {
      "message": "Script execution failed. Script: window.alert('text');;\n An open modal dialog blocked the operation"
   }
}

[321.483][FINE]:    Command received (/session/9601526441bbdeeb25a7495293535e12/execute) with params {
   "args": [  ],
   "script": "window.alert('text');"
}

[321.483][FINER]:   Waiting for all views to stop loading...
[321.484][FINER]:   Done waiting for all views to stop loading
[321.485][FINER]:   Waiting for all views to stop loading...
[321.485][FINER]:   Done waiting for all views to stop loading
[321.485][WARNING]: Command finished (/session/9601526441bbdeeb25a7495293535e12/execute) with response {
   "sessionId": "9601526441bbdeeb25a7495293535e12",
   "status": 26,
   "value": {
      "message": "Script execution failed. Script: window.alert('text');;\n An open modal dialog blocked the operation"
   }
}

