Connecting to database specified by database.yml


Started GET "/assets/rails.png" for 127.0.0.1 at 2012-12-18 15:40:43 +0530
Served asset /rails.png - 200 OK (4ms)
Connecting to database specified by database.yml
Connecting to database specified by database.yml
Connecting to database specified by database.yml
Connecting to database specified by database.yml
Connecting to database specified by database.yml
Connecting to database specified by database.yml
Connecting to database specified by database.yml
Connecting to database specified by database.yml
Connecting to database specified by database.yml
Connecting to database specified by database.yml
Connecting to database specified by database.yml
  [1m[36m (255.5ms)[0m  [1mCREATE TABLE `schema_migrations` (`version` varchar(255) NOT NULL) ENGINE=InnoDB[0m
  [1m[35m (250.0ms)[0m  CREATE UNIQUE INDEX `unique_schema_migrations` ON `schema_migrations` (`version`)
  [1m[36m (0.2ms)[0m  [1mSELECT `schema_migrations`.`version` FROM `schema_migrations` [0m
Migrating to DeviseCreateUsers (20121218104106)
  [1m[35m (152.4ms)[0m  CREATE TABLE `users` (`id` int(11) DEFAULT NULL auto_increment PRIMARY KEY, `email` varchar(255) DEFAULT '' NOT NULL, `encrypted_password` varchar(255) DEFAULT '' NOT NULL, `reset_password_token` varchar(255), `reset_password_sent_at` datetime, `remember_created_at` datetime, `sign_in_count` int(11) DEFAULT 0, `current_sign_in_at` datetime, `last_sign_in_at` datetime, `current_sign_in_ip` varchar(255), `last_sign_in_ip` varchar(255), `ecode` varchar(255), `name` varchar(255), `date_of_joining` datetime, `designation_id` int(11), `band_id` int(11), `gender` varchar(255), `location` text, `manager_id` int(11), `confirmation_status` varchar(255) DEFAULT 'pending', `photo_id` int(11), `blood_group` varchar(255), `date_of_birth` datetime, `marital_status` varchar(255), `date_of_anniversary` datetime, `pan_no` varchar(255), `bank_detail` text, `father_name` varchar(255), `spouse_name` varchar(255), `created_at` datetime NOT NULL, `updated_at` datetime NOT NULL) ENGINE=InnoDB
  [1m[36m (219.6ms)[0m  [1mCREATE UNIQUE INDEX `index_users_on_email` ON `users` (`email`)[0m
  [1m[35m (224.9ms)[0m  CREATE UNIQUE INDEX `index_users_on_reset_password_token` ON `users` (`reset_password_token`)
  [1m[36m (58.0ms)[0m  [1mINSERT INTO `schema_migrations` (`version`) VALUES ('20121218104106')[0m
Migrating to CreatePhotos (20121218112649)
  [1m[35m (157.6ms)[0m  CREATE TABLE `photos` (`id` int(11) DEFAULT NULL auto_increment PRIMARY KEY, `created_at` datetime NOT NULL, `updated_at` datetime NOT NULL) ENGINE=InnoDB
  [1m[36m (57.9ms)[0m  [1mINSERT INTO `schema_migrations` (`version`) VALUES ('20121218112649')[0m
Migrating to CreateBands (20121218112708)
  [1m[35m (157.6ms)[0m  CREATE TABLE `bands` (`id` int(11) DEFAULT NULL auto_increment PRIMARY KEY, `created_at` datetime NOT NULL, `updated_at` datetime NOT NULL) ENGINE=InnoDB
  [1m[36m (57.9ms)[0m  [1mINSERT INTO `schema_migrations` (`version`) VALUES ('20121218112708')[0m
Migrating to CreateDesignations (20121218112725)
  [1m[35m (157.6ms)[0m  CREATE TABLE `designations` (`id` int(11) DEFAULT NULL auto_increment PRIMARY KEY, `created_at` datetime NOT NULL, `updated_at` datetime NOT NULL) ENGINE=InnoDB
  [1m[36m (58.0ms)[0m  [1mINSERT INTO `schema_migrations` (`version`) VALUES ('20121218112725')[0m
Migrating to CreateProjects (20121218112739)
  [1m[35m (157.5ms)[0m  CREATE TABLE `projects` (`id` int(11) DEFAULT NULL auto_increment PRIMARY KEY, `created_at` datetime NOT NULL, `updated_at` datetime NOT NULL) ENGINE=InnoDB
  [1m[36m (57.9ms)[0m  [1mINSERT INTO `schema_migrations` (`version`) VALUES ('20121218112739')[0m
  [1m[35m (0.1ms)[0m  SELECT `schema_migrations`.`version` FROM `schema_migrations` 
Connecting to database specified by database.yml
Connecting to database specified by database.yml
Connecting to database specified by database.yml
  [1m[36m (132.8ms)[0m  [1mCREATE TABLE `schema_migrations` (`version` varchar(255) NOT NULL) ENGINE=InnoDB[0m
  [1m[35m (183.4ms)[0m  CREATE UNIQUE INDEX `unique_schema_migrations` ON `schema_migrations` (`version`)
  [1m[36m (0.1ms)[0m  [1mSELECT `schema_migrations`.`version` FROM `schema_migrations` [0m
Migrating to DeviseCreateUsers (20121218104106)
  [1m[35m (177.8ms)[0m  CREATE TABLE `users` (`id` int(11) DEFAULT NULL auto_increment PRIMARY KEY, `email` varchar(255) DEFAULT '' NOT NULL, `encrypted_password` varchar(255) DEFAULT '' NOT NULL, `reset_password_token` varchar(255), `reset_password_sent_at` datetime, `remember_created_at` datetime, `sign_in_count` int(11) DEFAULT 0, `current_sign_in_at` datetime, `last_sign_in_at` datetime, `current_sign_in_ip` varchar(255), `last_sign_in_ip` varchar(255), `ecode` varchar(255), `name` varchar(255), `date_of_joining` datetime, `designation_id` int(11), `band_id` int(11), `gender` varchar(255), `location` text, `manager_id` int(11), `confirmation_status` varchar(255) DEFAULT 'pending', `photo_id` int(11), `blood_group` varchar(255), `date_of_birth` datetime, `marital_status` varchar(255), `date_of_anniversary` datetime, `pan_no` varchar(255), `bank_detail` text, `father_name` varchar(255), `spouse_name` varchar(255), `created_at` datetime NOT NULL, `updated_at` datetime NOT NULL) ENGINE=InnoDB
  [1m[36m (216.5ms)[0m  [1mCREATE UNIQUE INDEX `index_users_on_email` ON `users` (`email`)[0m
  [1m[35m (217.9ms)[0m  CREATE UNIQUE INDEX `index_users_on_reset_password_token` ON `users` (`reset_password_token`)
  [1m[36m (49.7ms)[0m  [1mINSERT INTO `schema_migrations` (`version`) VALUES ('20121218104106')[0m
Migrating to CreatePhotos (20121218112649)
  [1m[35m (182.4ms)[0m  CREATE TABLE `photos` (`id` int(11) DEFAULT NULL auto_increment PRIMARY KEY, `title` varchar(255), `avatar` varchar(255), `created_at` datetime NOT NULL, `updated_at` datetime NOT NULL) ENGINE=InnoDB
  [1m[36m (49.7ms)[0m  [1mINSERT INTO `schema_migrations` (`version`) VALUES ('20121218112649')[0m
Migrating to CreateBands (20121218112708)
  [1m[35m (182.5ms)[0m  CREATE TABLE `bands` (`id` int(11) DEFAULT NULL auto_increment PRIMARY KEY, `name` varchar(255), `created_at` datetime NOT NULL, `updated_at` datetime NOT NULL) ENGINE=InnoDB
  [1m[36m (41.3ms)[0m  [1mINSERT INTO `schema_migrations` (`version`) VALUES ('20121218112708')[0m
Migrating to CreateDesignations (20121218112725)
  [1m[35m (174.3ms)[0m  CREATE TABLE `designations` (`id` int(11) DEFAULT NULL auto_increment PRIMARY KEY, `name` varchar(255), `created_at` datetime NOT NULL, `updated_at` datetime NOT NULL) ENGINE=InnoDB
  [1m[36m (41.3ms)[0m  [1mINSERT INTO `schema_migrations` (`version`) VALUES ('20121218112725')[0m
Migrating to CreateProjects (20121218112739)
  [1m[35m (149.3ms)[0m  CREATE TABLE `projects` (`id` int(11) DEFAULT NULL auto_increment PRIMARY KEY, `name` varchar(255), `created_at` datetime NOT NULL, `updated_at` datetime NOT NULL) ENGINE=InnoDB
  [1m[36m (41.3ms)[0m  [1mINSERT INTO `schema_migrations` (`version`) VALUES ('20121218112739')[0m
Migrating to CreateUserProjects (20121218114155)
  [1m[35m (124.3ms)[0m  CREATE TABLE `user_projects` (`id` int(11) DEFAULT NULL auto_increment PRIMARY KEY, `user_id` int(11), `project_id` int(11), `created_at` datetime NOT NULL, `updated_at` datetime NOT NULL) ENGINE=InnoDB
  [1m[36m (41.3ms)[0m  [1mINSERT INTO `schema_migrations` (`version`) VALUES ('20121218114155')[0m
  [1m[35m (0.2ms)[0m  SELECT `schema_migrations`.`version` FROM `schema_migrations` 
Connecting to database specified by database.yml
  [1m[36m (137.6ms)[0m  [1mCREATE TABLE `schema_migrations` (`version` varchar(255) NOT NULL) ENGINE=InnoDB[0m
  [1m[35m (183.5ms)[0m  CREATE UNIQUE INDEX `unique_schema_migrations` ON `schema_migrations` (`version`)
  [1m[36m (0.2ms)[0m  [1mSELECT `schema_migrations`.`version` FROM `schema_migrations` [0m
Migrating to DeviseCreateUsers (20121218104106)
  [1m[35m (170.1ms)[0m  CREATE TABLE `users` (`id` int(11) DEFAULT NULL auto_increment PRIMARY KEY, `email` varchar(255) DEFAULT '' NOT NULL, `encrypted_password` varchar(255) DEFAULT '' NOT NULL, `reset_password_token` varchar(255), `reset_password_sent_at` datetime, `remember_created_at` datetime, `sign_in_count` int(11) DEFAULT 0, `current_sign_in_at` datetime, `last_sign_in_at` datetime, `current_sign_in_ip` varchar(255), `last_sign_in_ip` varchar(255), `ecode` varchar(255), `name` varchar(255), `date_of_joining` datetime, `designation_id` int(11), `band_id` int(11), `gender` varchar(255), `location` text, `manager_id` int(11), `confirmation_status` varchar(255) DEFAULT 'pending', `photo_id` int(11), `blood_group` varchar(255), `date_of_birth` datetime, `marital_status` varchar(255), `date_of_anniversary` datetime, `pan_no` varchar(255), `bank_detail` text, `father_name` varchar(255), `spouse_name` varchar(255), `salary` decimal, `created_at` datetime NOT NULL, `updated_at` datetime NOT NULL) ENGINE=InnoDB
  [1m[36m (224.9ms)[0m  [1mCREATE UNIQUE INDEX `index_users_on_email` ON `users` (`email`)[0m
  [1m[35m (225.0ms)[0m  CREATE UNIQUE INDEX `index_users_on_reset_password_token` ON `users` (`reset_password_token`)
  [1m[36m (41.4ms)[0m  [1mINSERT INTO `schema_migrations` (`version`) VALUES ('20121218104106')[0m
Migrating to CreatePhotos (20121218112649)
  [1m[35m (157.6ms)[0m  CREATE TABLE `photos` (`id` int(11) DEFAULT NULL auto_increment PRIMARY KEY, `title` varchar(255), `avatar` varchar(255), `created_at` datetime NOT NULL, `updated_at` datetime NOT NULL) ENGINE=InnoDB
  [1m[36m (41.3ms)[0m  [1mINSERT INTO `schema_migrations` (`version`) VALUES ('20121218112649')[0m
Migrating to CreateBands (20121218112708)
  [1m[35m (157.6ms)[0m  CREATE TABLE `bands` (`id` int(11) DEFAULT NULL auto_increment PRIMARY KEY, `name` varchar(255), `created_at` datetime NOT NULL, `updated_at` datetime NOT NULL) ENGINE=InnoDB
  [1m[36m (41.3ms)[0m  [1mINSERT INTO `schema_migrations` (`version`) VALUES ('20121218112708')[0m
Migrating to CreateDesignations (20121218112725)
  [1m[35m (166.0ms)[0m  CREATE TABLE `designations` (`id` int(11) DEFAULT NULL auto_increment PRIMARY KEY, `name` varchar(255), `created_at` datetime NOT NULL, `updated_at` datetime NOT NULL) ENGINE=InnoDB
  [1m[36m (41.3ms)[0m  [1mINSERT INTO `schema_migrations` (`version`) VALUES ('20121218112725')[0m
Migrating to CreateProjects (20121218112739)
  [1m[35m (174.3ms)[0m  CREATE TABLE `projects` (`id` int(11) DEFAULT NULL auto_increment PRIMARY KEY, `name` varchar(255), `created_at` datetime NOT NULL, `updated_at` datetime NOT NULL) ENGINE=InnoDB
  [1m[36m (49.6ms)[0m  [1mINSERT INTO `schema_migrations` (`version`) VALUES ('20121218112739')[0m
Migrating to CreateUserProjects (20121218114155)
  [1m[35m (141.0ms)[0m  CREATE TABLE `user_projects` (`id` int(11) DEFAULT NULL auto_increment PRIMARY KEY, `user_id` int(11), `project_id` int(11), `created_at` datetime NOT NULL, `updated_at` datetime NOT NULL) ENGINE=InnoDB
  [1m[36m (49.6ms)[0m  [1mINSERT INTO `schema_migrations` (`version`) VALUES ('20121218114155')[0m
  [1m[35m (0.1ms)[0m  SELECT `schema_migrations`.`version` FROM `schema_migrations` 
