Connecting to database specified by database.yml
Connecting to database specified by database.yml
Connecting to database specified by database.yml
Connecting to database specified by database.yml


Started DELETE "/users/sign_out" for 127.0.0.1 at 2012-08-14 18:58:19 +0530
Processing by Devise::SessionsController#destroy as HTML
  Parameters: {"authenticity_token"=>"8+sDt+yVKR0IfjElFDbPOEZF/4PWPHbI4+Ed8+oa6to="}
Redirected to http://localhost:3000/
Completed 302 Found in 88ms (ActiveRecord: 2.8ms)


Started GET "/" for 127.0.0.1 at 2012-08-14 18:58:19 +0530
Processing by DocumentController#index as HTML
Completed 401 Unauthorized in 1ms


Started GET "/users/sign_in" for 127.0.0.1 at 2012-08-14 18:58:19 +0530
Processing by Devise::SessionsController#new as HTML
  Rendered devise/shared/_links.erb (1.0ms)
  Rendered devise/sessions/new.html.erb within layouts/application (28.7ms)
Completed 500 Internal Server Error in 72ms

ActionView::Template::Error (application.js isn't precompiled):
    6:     <meta name="viewport" content="width=device-width, initial-scale=1.0">
    7:     <title><%= content_for?(:title) ? yield(:title) : "TrantorManagementSystem" %></title>
    8:     <%= csrf_meta_tags %>
    9:     <%= javascript_include_tag :application, '/ckeditor/ckeditor' %>
    10:     <%= stylesheet_link_tag "application", :media => "all" %>
    11:     <%= favicon_link_tag 'images/apple-touch-icon-144x144-precomposed.png', :rel => 'apple-touch-icon-precomposed', :type => 'image/png', :sizes => '144x144' %>
    12:     <%= favicon_link_tag 'images/apple-touch-icon-114x114-precomposed.png', :rel => 'apple-touch-icon-precomposed', :type => 'image/png', :sizes => '114x114' %>
  app/views/layouts/application.html.erb:9:in `_app_views_layouts_application_html_erb___434610854_83712220'




Started GET "/assets/page-body-error.jpg" for 127.0.0.1 at 2012-08-14 18:58:19 +0530

ActionController::RoutingError (No route matches [GET] "/assets/page-body-error.jpg"):
  actionpack (3.2.7) lib/action_dispatch/middleware/debug_exceptions.rb:21:in `call'
  actionpack (3.2.7) lib/action_dispatch/middleware/show_exceptions.rb:56:in `call'
  railties (3.2.7) lib/rails/rack/logger.rb:26:in `call_app'
  railties (3.2.7) lib/rails/rack/logger.rb:16:in `call'
  actionpack (3.2.7) lib/action_dispatch/middleware/request_id.rb:22:in `call'
  rack (1.4.1) lib/rack/methodoverride.rb:21:in `call'
  rack (1.4.1) lib/rack/runtime.rb:17:in `call'
  activesupport (3.2.7) lib/active_support/cache/strategy/local_cache.rb:72:in `call'
  rack (1.4.1) lib/rack/lock.rb:15:in `call'
  rack-cache (1.2) lib/rack/cache/context.rb:136:in `forward'
  rack-cache (1.2) lib/rack/cache/context.rb:245:in `fetch'
  rack-cache (1.2) lib/rack/cache/context.rb:185:in `lookup'
  rack-cache (1.2) lib/rack/cache/context.rb:66:in `call!'
  rack-cache (1.2) lib/rack/cache/context.rb:51:in `call'
  railties (3.2.7) lib/rails/engine.rb:479:in `call'
  railties (3.2.7) lib/rails/application.rb:220:in `call'
  rack (1.4.1) lib/rack/content_length.rb:14:in `call'
  railties (3.2.7) lib/rails/rack/log_tailer.rb:17:in `call'
  rack (1.4.1) lib/rack/handler/webrick.rb:59:in `service'
  /home/aastha/.rvm/rubies/ruby-1.9.3-p194/lib/ruby/1.9.1/webrick/httpserver.rb:138:in `service'
  /home/aastha/.rvm/rubies/ruby-1.9.3-p194/lib/ruby/1.9.1/webrick/httpserver.rb:94:in `run'
  /home/aastha/.rvm/rubies/ruby-1.9.3-p194/lib/ruby/1.9.1/webrick/server.rb:191:in `block in start_thread'




Started GET "/" for 127.0.0.1 at 2012-08-14 18:58:36 +0530
Processing by DocumentController#index as HTML
Completed 401 Unauthorized in 0ms


Started GET "/users/sign_in" for 127.0.0.1 at 2012-08-14 18:58:36 +0530
Processing by Devise::SessionsController#new as HTML
  Rendered devise/shared/_links.erb (0.3ms)
  Rendered devise/sessions/new.html.erb within layouts/application (2.9ms)
Completed 500 Internal Server Error in 5ms

ActionView::Template::Error (application.js isn't precompiled):
    6:     <meta name="viewport" content="width=device-width, initial-scale=1.0">
    7:     <title><%= content_for?(:title) ? yield(:title) : "TrantorManagementSystem" %></title>
    8:     <%= csrf_meta_tags %>
    9:     <%= javascript_include_tag :application, '/ckeditor/ckeditor' %>
    10:     <%= stylesheet_link_tag "application", :media => "all" %>
    11:     <%= favicon_link_tag 'images/apple-touch-icon-144x144-precomposed.png', :rel => 'apple-touch-icon-precomposed', :type => 'image/png', :sizes => '144x144' %>
    12:     <%= favicon_link_tag 'images/apple-touch-icon-114x114-precomposed.png', :rel => 'apple-touch-icon-precomposed', :type => 'image/png', :sizes => '114x114' %>
  app/views/layouts/application.html.erb:9:in `_app_views_layouts_application_html_erb___434610854_83712220'




Started GET "/assets/page-body-error.jpg" for 127.0.0.1 at 2012-08-14 18:58:36 +0530

ActionController::RoutingError (No route matches [GET] "/assets/page-body-error.jpg"):
  actionpack (3.2.7) lib/action_dispatch/middleware/debug_exceptions.rb:21:in `call'
  actionpack (3.2.7) lib/action_dispatch/middleware/show_exceptions.rb:56:in `call'
  railties (3.2.7) lib/rails/rack/logger.rb:26:in `call_app'
  railties (3.2.7) lib/rails/rack/logger.rb:16:in `call'
  actionpack (3.2.7) lib/action_dispatch/middleware/request_id.rb:22:in `call'
  rack (1.4.1) lib/rack/methodoverride.rb:21:in `call'
  rack (1.4.1) lib/rack/runtime.rb:17:in `call'
  activesupport (3.2.7) lib/active_support/cache/strategy/local_cache.rb:72:in `call'
  rack (1.4.1) lib/rack/lock.rb:15:in `call'
  rack-cache (1.2) lib/rack/cache/context.rb:136:in `forward'
  rack-cache (1.2) lib/rack/cache/context.rb:245:in `fetch'
  rack-cache (1.2) lib/rack/cache/context.rb:185:in `lookup'
  rack-cache (1.2) lib/rack/cache/context.rb:66:in `call!'
  rack-cache (1.2) lib/rack/cache/context.rb:51:in `call'
  railties (3.2.7) lib/rails/engine.rb:479:in `call'
  railties (3.2.7) lib/rails/application.rb:220:in `call'
  rack (1.4.1) lib/rack/content_length.rb:14:in `call'
  railties (3.2.7) lib/rails/rack/log_tailer.rb:17:in `call'
  rack (1.4.1) lib/rack/handler/webrick.rb:59:in `service'
  /home/aastha/.rvm/rubies/ruby-1.9.3-p194/lib/ruby/1.9.1/webrick/httpserver.rb:138:in `service'
  /home/aastha/.rvm/rubies/ruby-1.9.3-p194/lib/ruby/1.9.1/webrick/httpserver.rb:94:in `run'
  /home/aastha/.rvm/rubies/ruby-1.9.3-p194/lib/ruby/1.9.1/webrick/server.rb:191:in `block in start_thread'


